{
  "RSpec": {
    "coverage": {
      "/Users/harrisfauntleroy/Documents/code/personal/rails/forum/spec/controllers/user_controller_spec.rb": {
        "lines": [
          null,
          null,
          1,
          null,
          1,
          1,
          7,
          null,
          1,
          1,
          1,
          1,
          null,
          null,
          1,
          1,
          1,
          1,
          1,
          null,
          null,
          1,
          1,
          1,
          1,
          1,
          null,
          null,
          1,
          1,
          1,
          1,
          1,
          null,
          null,
          1,
          1,
          1,
          1,
          null,
          null,
          1,
          1,
          1,
          1,
          null,
          null,
          null,
          1,
          1,
          1,
          1,
          null,
          1,
          null,
          1,
          null,
          null,
          1,
          1,
          1,
          null,
          1,
          null,
          1,
          null,
          null,
          null,
          1,
          4,
          4,
          4,
          null,
          1,
          null,
          1,
          null,
          1,
          null,
          1,
          null,
          null,
          null,
          null,
          null,
          1,
          1,
          null,
          null,
          1,
          1,
          null,
          null,
          1,
          1,
          null,
          null,
          1,
          1,
          null,
          null
        ]
      },
      "/Users/harrisfauntleroy/Documents/code/personal/rails/forum/spec/rails_helper.rb": {
        "lines": [
          null,
          null,
          null,
          1,
          1,
          1,
          null,
          1,
          1,
          1,
          null,
          null,
          null,
          null,
          null,
          null,
          null,
          null,
          null,
          null,
          null,
          null,
          null,
          null,
          null,
          1,
          null,
          null,
          null,
          null,
          1,
          null,
          0,
          null,
          1,
          null,
          1,
          null,
          null,
          null,
          null,
          null,
          null,
          1,
          null,
          null,
          null,
          null,
          null,
          null,
          null,
          null,
          null,
          null,
          null,
          null,
          null,
          null,
          null,
          null,
          null,
          1,
          null,
          null,
          1,
          null,
          null,
          null,
          1,
          1,
          null
        ]
      },
      "/Users/harrisfauntleroy/Documents/code/personal/rails/forum/config/environment.rb": {
        "lines": [
          null,
          null,
          null,
          1,
          null,
          null,
          1
        ]
      },
      "/Users/harrisfauntleroy/Documents/code/personal/rails/forum/config/application.rb": {
        "lines": [
          null,
          null,
          1,
          null,
          1,
          null,
          null,
          null,
          1,
          null,
          1,
          1,
          null,
          1,
          null,
          null,
          null,
          null,
          1,
          null,
          null,
          null,
          null,
          null,
          null,
          null,
          null,
          null,
          null
        ]
      },
      "/Users/harrisfauntleroy/Documents/code/personal/rails/forum/config/boot.rb": {
        "lines": [
          null,
          null,
          1,
          null,
          1,
          1
        ]
      },
      "/Users/harrisfauntleroy/Documents/code/personal/rails/forum/config/environments/test.rb": {
        "lines": [
          null,
          null,
          1,
          null,
          null,
          null,
          null,
          null,
          null,
          1,
          null,
          null,
          null,
          1,
          null,
          null,
          null,
          null,
          null,
          1,
          null,
          null,
          1,
          1,
          null,
          null,
          null,
          null,
          1,
          1,
          1,
          null,
          null,
          1,
          null,
          null,
          1,
          null,
          null,
          1,
          null,
          1,
          null,
          null,
          null,
          null,
          1,
          null,
          null,
          1,
          null,
          null,
          1,
          null,
          null,
          1,
          null,
          null,
          null,
          null,
          null,
          null,
          null,
          null,
          1,
          null
        ]
      },
      "/Users/harrisfauntleroy/Documents/code/personal/rails/forum/config/initializers/assets.rb": {
        "lines": [
          null,
          null,
          null,
          null,
          null,
          1,
          null,
          null,
          null,
          null,
          null,
          null,
          null,
          null
        ]
      },
      "/Users/harrisfauntleroy/Documents/code/personal/rails/forum/config/initializers/content_security_policy.rb": {
        "lines": [
          null,
          null,
          null,
          null,
          null,
          null,
          null,
          null,
          null,
          null,
          null,
          null,
          null,
          null,
          null,
          null,
          null,
          null,
          null,
          null,
          null,
          null,
          null,
          null,
          null,
          null,
          null
        ]
      },
      "/Users/harrisfauntleroy/Documents/code/personal/rails/forum/config/initializers/devise.rb": {
        "lines": [
          null,
          null,
          null,
          null,
          null,
          null,
          null,
          null,
          null,
          null,
          1,
          null,
          null,
          null,
          null,
          null,
          null,
          null,
          null,
          null,
          null,
          null,
          null,
          null,
          null,
          null,
          1,
          null,
          null,
          null,
          null,
          null,
          null,
          null,
          null,
          null,
          null,
          null,
          1,
          null,
          null,
          null,
          null,
          null,
          null,
          null,
          null,
          null,
          1,
          null,
          null,
          null,
          null,
          null,
          null,
          null,
          null,
          null,
          null,
          null,
          1,
          null,
          null,
          null,
          null,
          1,
          null,
          null,
          null,
          null,
          null,
          null,
          null,
          null,
          null,
          null,
          null,
          null,
          null,
          null,
          null,
          null,
          null,
          null,
          null,
          null,
          null,
          null,
          null,
          null,
          null,
          null,
          null,
          null,
          null,
          null,
          null,
          null,
          null,
          1,
          null,
          null,
          null,
          null,
          null,
          null,
          null,
          null,
          null,
          null,
          null,
          null,
          null,
          null,
          null,
          null,
          null,
          null,
          null,
          null,
          null,
          null,
          null,
          null,
          null,
          1,
          null,
          null,
          null,
          null,
          null,
          null,
          null,
          null,
          null,
          null,
          null,
          null,
          null,
          null,
          null,
          null,
          null,
          null,
          null,
          null,
          null,
          null,
          null,
          null,
          null,
          null,
          null,
          null,
          null,
          null,
          null,
          null,
          null,
          1,
          null,
          null,
          null,
          null,
          null,
          null,
          null,
          null,
          null,
          1,
          null,
          null,
          null,
          null,
          null,
          null,
          null,
          null,
          null,
          null,
          1,
          null,
          null,
          null,
          null,
          1,
          null,
          null,
          null,
          null,
          null,
          null,
          null,
          null,
          null,
          null,
          null,
          null,
          null,
          null,
          null,
          null,
          null,
          null,
          null,
          null,
          null,
          null,
          null,
          null,
          null,
          null,
          null,
          null,
          null,
          null,
          null,
          null,
          null,
          null,
          null,
          null,
          null,
          null,
          null,
          null,
          1,
          null,
          null,
          null,
          null,
          null,
          null,
          null,
          null,
          null,
          null,
          null,
          null,
          null,
          null,
          null,
          null,
          null,
          null,
          null,
          null,
          null,
          null,
          null,
          null,
          null,
          null,
          null,
          null,
          null,
          null,
          null,
          null,
          null,
          null,
          null,
          null,
          null,
          null,
          null,
          null,
          null,
          1,
          null,
          null,
          null,
          null,
          null,
          null,
          null,
          null,
          null,
          null,
          null,
          null,
          null,
          null,
          null,
          null,
          null,
          null,
          null,
          null,
          null,
          null,
          null,
          null,
          null,
          null,
          null,
          null,
          null,
          null,
          null,
          null,
          null,
          null,
          null,
          1,
          1,
          null,
          null,
          null,
          null,
          null,
          null,
          null
        ]
      },
      "/Users/harrisfauntleroy/Documents/code/personal/rails/forum/config/initializers/filter_parameter_logging.rb": {
        "lines": [
          null,
          null,
          null,
          null,
          null,
          null,
          null,
          1,
          null,
          null
        ]
      },
      "/Users/harrisfauntleroy/Documents/code/personal/rails/forum/config/initializers/inflections.rb": {
        "lines": [
          null,
          null,
          null,
          null,
          null,
          null,
          null,
          null,
          null,
          null,
          null,
          null,
          null,
          null,
          null,
          null,
          null,
          null
        ]
      },
      "/Users/harrisfauntleroy/Documents/code/personal/rails/forum/config/initializers/permissions_policy.rb": {
        "lines": [
          null,
          null,
          null,
          null,
          null,
          null,
          null,
          null,
          null,
          null,
          null,
          null,
          null,
          null,
          null
        ]
      },
      "/Users/harrisfauntleroy/Documents/code/personal/rails/forum/spec/factories/category.rb": {
        "lines": [
          null,
          null,
          1,
          1,
          19,
          1,
          null,
          null
        ]
      },
      "/Users/harrisfauntleroy/Documents/code/personal/rails/forum/spec/factories/post.rb": {
        "lines": [
          null,
          null,
          1,
          1,
          12,
          1,
          1,
          null,
          null
        ]
      },
      "/Users/harrisfauntleroy/Documents/code/personal/rails/forum/spec/factories/topic.rb": {
        "lines": [
          null,
          null,
          1,
          1,
          18,
          18,
          1,
          1,
          null,
          null
        ]
      },
      "/Users/harrisfauntleroy/Documents/code/personal/rails/forum/spec/factories/user.rb": {
        "lines": [
          null,
          null,
          1,
          1,
          44,
          47,
          47,
          44,
          null,
          null
        ]
      },
      "/Users/harrisfauntleroy/Documents/code/personal/rails/forum/config/routes.rb": {
        "lines": [
          null,
          null,
          1,
          1,
          1,
          null,
          null,
          null,
          1,
          null,
          1,
          null,
          1,
          null,
          1,
          1,
          1,
          null,
          null,
          null,
          1,
          null
        ]
      },
      "/Users/harrisfauntleroy/Documents/code/personal/rails/forum/app/models/user.rb": {
        "lines": [
          null,
          null,
          1,
          null,
          null,
          1,
          null,
          null,
          1,
          1,
          null,
          1,
          1,
          null,
          null,
          1,
          null,
          1,
          1,
          null,
          1,
          1,
          1,
          null
        ]
      },
      "/Users/harrisfauntleroy/Documents/code/personal/rails/forum/app/models/application_record.rb": {
        "lines": [
          null,
          null,
          1,
          1,
          null
        ]
      },
      "/Users/harrisfauntleroy/Documents/code/personal/rails/forum/app/helpers/application_helper.rb": {
        "lines": [
          null,
          null,
          1,
          1,
          null,
          1,
          0,
          null,
          null,
          1,
          0,
          null,
          null,
          1,
          0,
          null,
          null,
          1,
          0,
          0,
          0,
          0,
          0,
          0,
          0,
          0,
          null,
          0,
          null,
          null,
          null
        ]
      },
      "/Users/harrisfauntleroy/Documents/code/personal/rails/forum/app/helpers/articles_helper.rb": {
        "lines": [
          null,
          null,
          1,
          null
        ]
      },
      "/Users/harrisfauntleroy/Documents/code/personal/rails/forum/app/helpers/categories_helper.rb": {
        "lines": [
          null,
          null,
          1,
          null
        ]
      },
      "/Users/harrisfauntleroy/Documents/code/personal/rails/forum/app/helpers/errors_helper.rb": {
        "lines": [
          null,
          null,
          1,
          null
        ]
      },
      "/Users/harrisfauntleroy/Documents/code/personal/rails/forum/app/helpers/home_helper.rb": {
        "lines": [
          null,
          null,
          1,
          null
        ]
      },
      "/Users/harrisfauntleroy/Documents/code/personal/rails/forum/app/helpers/posts_helper.rb": {
        "lines": [
          null,
          null,
          1,
          null
        ]
      },
      "/Users/harrisfauntleroy/Documents/code/personal/rails/forum/app/helpers/static_pages_helper.rb": {
        "lines": [
          null,
          null,
          1,
          null
        ]
      },
      "/Users/harrisfauntleroy/Documents/code/personal/rails/forum/app/helpers/topics_helper.rb": {
        "lines": [
          null,
          null,
          1,
          null
        ]
      },
      "/Users/harrisfauntleroy/Documents/code/personal/rails/forum/app/controllers/users_controller.rb": {
        "lines": [
          null,
          null,
          1,
          1,
          1,
          null,
          1,
          6,
          null,
          5,
          5,
          5,
          null,
          1,
          null,
          null,
          1,
          1,
          null,
          null,
          1,
          null,
          1,
          null,
          1,
          null,
          1,
          null,
          1,
          0,
          null,
          null,
          1,
          null,
          1,
          2,
          null,
          1,
          null,
          null,
          null
        ]
      },
      "/Users/harrisfauntleroy/Documents/code/personal/rails/forum/app/controllers/application_controller.rb": {
        "lines": [
          null,
          null,
          1,
          1,
          1,
          null,
          1,
          null,
          1,
          0,
          null,
          null,
          1,
          0,
          null,
          null,
          1,
          0,
          null,
          null,
          1,
          null,
          1,
          0,
          0,
          null,
          null
        ]
      },
      "/Users/harrisfauntleroy/Documents/code/personal/rails/forum/spec/helpers/errors_helper_spec.rb": {
        "lines": [
          null,
          null,
          1,
          null,
          null,
          null,
          null,
          null,
          null,
          null,
          null,
          null,
          null,
          null,
          1,
          1,
          null
        ]
      },
      "/Users/harrisfauntleroy/Documents/code/personal/rails/forum/spec/helpers/static_pages_helper_spec.rb": {
        "lines": [
          null,
          null,
          1,
          null,
          null,
          null,
          null,
          null,
          null,
          null,
          null,
          null,
          null,
          null,
          1,
          1,
          null
        ]
      },
      "/Users/harrisfauntleroy/Documents/code/personal/rails/forum/spec/models/category_spec.rb": {
        "lines": [
          null,
          null,
          1,
          null,
          1,
          1,
          1,
          null,
          null
        ]
      },
      "/Users/harrisfauntleroy/Documents/code/personal/rails/forum/app/models/category.rb": {
        "lines": [
          null,
          null,
          1,
          1,
          1,
          null
        ]
      },
      "/Users/harrisfauntleroy/Documents/code/personal/rails/forum/spec/models/post_spec.rb": {
        "lines": [
          null,
          null,
          1,
          null,
          1,
          1,
          1,
          null,
          null
        ]
      },
      "/Users/harrisfauntleroy/Documents/code/personal/rails/forum/app/models/post.rb": {
        "lines": [
          null,
          null,
          1,
          1,
          1,
          null
        ]
      },
      "/Users/harrisfauntleroy/Documents/code/personal/rails/forum/spec/models/topic_spec.rb": {
        "lines": [
          null,
          null,
          1,
          null,
          1,
          1,
          1,
          null,
          null
        ]
      },
      "/Users/harrisfauntleroy/Documents/code/personal/rails/forum/app/models/topic.rb": {
        "lines": [
          null,
          null,
          1,
          1,
          1,
          1,
          null
        ]
      },
      "/Users/harrisfauntleroy/Documents/code/personal/rails/forum/spec/models/user_spec.rb": {
        "lines": [
          null,
          null,
          1,
          null,
          1,
          1,
          1,
          null,
          1,
          1,
          1,
          null,
          1,
          1,
          1,
          1,
          null,
          1,
          1,
          1,
          1,
          null,
          1,
          null,
          1,
          1,
          1,
          1,
          null,
          null,
          1,
          1,
          1,
          null,
          null,
          null
        ]
      },
      "/Users/harrisfauntleroy/Documents/code/personal/rails/forum/spec/policies/user_policy_spec.rb": {
        "lines": [
          null,
          null,
          1,
          null,
          1,
          12,
          null,
          1,
          4,
          4,
          null,
          2,
          2,
          2,
          null,
          null,
          1,
          6,
          4,
          null,
          2,
          null,
          2,
          2,
          null,
          1,
          3,
          null,
          2,
          2,
          null,
          null,
          null,
          1,
          4,
          4,
          null,
          2,
          2,
          2,
          null,
          null
        ]
      },
      "/Users/harrisfauntleroy/Documents/code/personal/rails/forum/app/policies/user_policy.rb": {
        "lines": [
          null,
          null,
          1,
          1,
          1,
          0,
          0,
          null,
          0,
          null,
          null,
          null,
          null,
          1,
          3,
          null,
          null,
          1,
          4,
          null,
          null,
          1,
          4,
          null,
          null
        ]
      },
      "/Users/harrisfauntleroy/Documents/code/personal/rails/forum/app/policies/application_policy.rb": {
        "lines": [
          null,
          null,
          1,
          1,
          null,
          1,
          11,
          11,
          null,
          null,
          1,
          0,
          null,
          null,
          1,
          0,
          null,
          null,
          1,
          0,
          null,
          null,
          1,
          0,
          null,
          null,
          1,
          0,
          null,
          null,
          1,
          0,
          null,
          null,
          1,
          0,
          null,
          null,
          1,
          1,
          0,
          0,
          null,
          null,
          1,
          0,
          null,
          null,
          1,
          null,
          1,
          null,
          null
        ]
      },
      "/Users/harrisfauntleroy/Documents/code/personal/rails/forum/spec/requests/errors_spec.rb": {
        "lines": [
          null,
          null,
          1,
          null,
          1,
          1,
          1,
          null,
          null
        ]
      },
      "/Users/harrisfauntleroy/Documents/code/personal/rails/forum/spec/requests/static_pages_spec.rb": {
        "lines": [
          null,
          null,
          1,
          null,
          1,
          1,
          1,
          1,
          1,
          null,
          null,
          null
        ]
      },
      "/Users/harrisfauntleroy/Documents/code/personal/rails/forum/spec/views/static_pages/site_rules.html.erb_spec.rb": {
        "lines": [
          null,
          null,
          1,
          null,
          1,
          1,
          null
        ]
      },
      "/Users/harrisfauntleroy/Documents/code/personal/rails/forum/app/controllers/static_pages_controller.rb": {
        "lines": [
          null,
          null,
          1,
          1,
          null,
          1,
          null,
          1,
          null,
          1,
          null,
          1,
          null,
          1,
          null
        ]
      }
    },
    "timestamp": 1712029064
  }
}
